\BOOKMARK [1][-]{section.1}{\376\377\217\157\116\366\135\345\172\013\123\026\166\356\150\007}{}% 1
\BOOKMARK [1][-]{section.2}{\376\377\230\171\166\356\123\117\117\134\145\271\137\017}{}% 2
\BOOKMARK [2][-]{subsection.2.1}{\376\377\126\342\226\037\122\006\135\345}{section.2}% 3
\BOOKMARK [2][-]{subsection.2.2}{\376\377\116\373\122\241\173\241\164\006}{section.2}% 4
\BOOKMARK [2][-]{subsection.2.3}{\376\377\154\237\220\032\147\072\122\066}{section.2}% 5
\BOOKMARK [1][-]{section.3}{\376\377\162\110\147\054\143\247\122\066\211\304\203\003}{}% 6
\BOOKMARK [2][-]{subsection.3.1}{\376\377\000G\000i\000t\000\040\116\323\136\223\173\241\164\006}{section.3}% 7
\BOOKMARK [2][-]{subsection.3.2}{\376\377\122\006\145\057\173\126\165\145}{section.3}% 8
\BOOKMARK [2][-]{subsection.3.3}{\376\377\143\320\116\244\211\304\203\003}{section.3}% 9
\BOOKMARK [2][-]{subsection.3.4}{\376\377\124\010\136\166\213\367\154\102\116\016\116\343\170\001\133\241\147\345}{section.3}% 10
\BOOKMARK [1][-]{section.4}{\376\377\137\000\123\321\211\304\203\003}{}% 11
\BOOKMARK [2][-]{subsection.4.1}{\376\377\116\343\170\001\211\304\203\003}{section.4}% 12
\BOOKMARK [2][-]{subsection.4.2}{\376\377\166\356\137\125\211\304\203\003}{section.4}% 13
\BOOKMARK [2][-]{subsection.4.3}{\376\377\124\175\124\015\211\304\203\003}{section.4}% 14
\BOOKMARK [2][-]{subsection.4.4}{\376\377\145\207\150\143\211\304\203\003}{section.4}% 15
\BOOKMARK [1][-]{section.5}{\376\377\201\352\122\250\123\026\142\113\153\265}{}% 16
\BOOKMARK [2][-]{subsection.5.1}{\376\377\201\352\122\250\123\026\147\204\136\372}{section.5}% 17
\BOOKMARK [2][-]{subsection.5.2}{\376\377\201\352\122\250\123\026\150\300\147\345}{section.5}% 18
\BOOKMARK [2][-]{subsection.5.3}{\376\377\201\352\122\250\123\026\155\113\213\325}{section.5}% 19
\BOOKMARK [2][-]{subsection.5.4}{\376\377\201\352\122\250\123\026\142\123\123\005}{section.5}% 20
\BOOKMARK [1][-]{section.6}{\376\377\230\171\166\356\173\241\164\006\135\345\121\167}{}% 21
\BOOKMARK [1][-]{section.7}{\376\377\135\345\172\013\123\026\133\236\215\365\145\110\147\234}{}% 22
\BOOKMARK [2][-]{subsection.7.1}{\376\377\135\362\204\075\127\060\166\204\135\345\172\013\215\104\116\247}{section.7}% 23
\BOOKMARK [2][-]{subsection.7.2}{\376\377\135\345\172\013\123\026\133\236\215\365\166\204\121\167\117\123\213\301\143\156}{section.7}% 24
\BOOKMARK [2][-]{subsection.7.3}{\376\377\143\001\176\355\145\071\217\333\145\271\124\021}{section.7}% 25
