\BOOKMARK [1][-]{section.1}{\376\377\145\207\150\143\151\202\217\360}{}% 1
\BOOKMARK [1][-]{section.2}{\376\377\221\115\177\156\173\241\164\006}{}% 2
\BOOKMARK [2][-]{subsection.2.1}{\376\377\221\115\177\156\230\171\213\364\146\016}{section.2}% 3
\BOOKMARK [2][-]{subsection.2.2}{\376\377\221\115\177\156\145\207\116\366\173\241\164\006}{section.2}% 4
\BOOKMARK [2][-]{subsection.2.3}{\376\377\163\257\130\203\123\330\221\317\173\241\164\006}{section.2}% 5
\BOOKMARK [2][-]{subsection.2.4}{\376\377\145\117\141\037\117\341\140\157\173\241\164\006}{section.2}% 6
\BOOKMARK [1][-]{section.3}{\376\377\162\110\147\054\173\241\164\006}{}% 7
\BOOKMARK [2][-]{subsection.3.1}{\376\377\162\110\147\054\123\367\211\304\203\003}{section.3}% 8
\BOOKMARK [2][-]{subsection.3.2}{\376\377\123\321\136\003\162\110\147\054\173\241\164\006}{section.3}% 9
\BOOKMARK [2][-]{subsection.3.3}{\376\377\123\330\146\364\213\260\137\125}{section.3}% 10
\BOOKMARK [2][-]{subsection.3.4}{\376\377\126\336\156\332\147\072\122\066}{section.3}% 11
\BOOKMARK [1][-]{section.4}{\376\377\143\001\176\355\226\306\142\020}{}% 12
\BOOKMARK [2][-]{subsection.4.1}{\376\377\000C\000I\000\040\155\101\172\013}{section.4}% 13
\BOOKMARK [2][-]{subsection.4.2}{\376\377\201\352\122\250\123\026\147\204\136\372}{section.4}% 14
\BOOKMARK [2][-]{subsection.4.3}{\376\377\201\352\122\250\123\026\155\113\213\325}{section.4}% 15
\BOOKMARK [2][-]{subsection.4.4}{\376\377\147\204\136\372\116\247\162\151\173\241\164\006}{section.4}% 16
\BOOKMARK [1][-]{section.5}{\376\377\217\157\116\366\220\350\177\162}{}% 17
\BOOKMARK [2][-]{subsection.5.1}{\376\377\163\257\130\203\211\201\154\102}{section.5}% 18
\BOOKMARK [2][-]{subsection.5.2}{\376\377\133\211\210\305\220\350\177\162\153\145\232\244}{section.5}% 19
\BOOKMARK [2][-]{subsection.5.3}{\376\377\122\035\131\313\123\026\221\115\177\156}{section.5}% 20
\BOOKMARK [2][-]{subsection.5.4}{\376\377\123\107\176\247\153\145\232\244}{section.5}% 21
\BOOKMARK [2][-]{subsection.5.5}{\376\377\123\170\217\175\153\145\232\244}{section.5}% 22
\BOOKMARK [1][-]{section.6}{\376\377\217\320\210\114\176\364\142\244}{}% 23
\BOOKMARK [2][-]{subsection.6.1}{\376\377\145\345\137\327\173\241\164\006}{section.6}% 24
\BOOKMARK [2][-]{subsection.6.2}{\376\377\145\160\143\156\131\007\116\375}{section.6}% 25
\BOOKMARK [2][-]{subsection.6.3}{\376\377\145\160\143\156\140\142\131\015}{section.6}% 26
\BOOKMARK [2][-]{subsection.6.4}{\376\377\137\002\136\070\131\004\164\006}{section.6}% 27
\BOOKMARK [2][-]{subsection.6.5}{\376\377\145\105\226\234\143\222\147\345}{section.6}% 28
\BOOKMARK [1][-]{section.7}{\376\377\123\321\136\003\116\016\126\336\156\332}{}% 29
\BOOKMARK [1][-]{section.8}{\376\377\217\320\176\364\230\316\226\151\116\016\136\224\140\045\145\271\150\110}{}% 30
