\BOOKMARK [1][-]{section.1}{\376\377\230\171\166\356\151\202\217\360}{}% 1
\BOOKMARK [2][-]{subsection.1.1}{\376\377\230\171\166\356\200\314\146\157}{section.1}% 2
\BOOKMARK [2][-]{subsection.1.2}{\376\377\230\171\166\356\166\356\150\007}{section.1}% 3
\BOOKMARK [2][-]{subsection.1.3}{\376\377\230\171\166\356\203\003\126\364}{section.1}% 4
\BOOKMARK [1][-]{section.2}{\376\377\165\050\142\067\227\000\154\102\122\006\147\220}{}% 5
\BOOKMARK [2][-]{subsection.2.1}{\376\377\165\050\142\067\165\333\160\271}{section.2}% 6
\BOOKMARK [2][-]{subsection.2.2}{\376\377\150\070\137\303\165\050\142\067\227\000\154\102}{section.2}% 7
\BOOKMARK [2][-]{subsection.2.3}{\376\377\165\050\142\067\211\322\202\162}{section.2}% 8
\BOOKMARK [2][-]{subsection.2.4}{\376\377\165\050\142\067\117\177\165\050\127\072\146\157}{section.2}% 9
\BOOKMARK [1][-]{section.3}{\376\377\122\237\200\375\227\000\154\102\122\006\147\220}{}% 10
\BOOKMARK [2][-]{subsection.3.1}{\376\377\122\237\200\375\152\041\127\127\122\022\122\006}{section.3}% 11
\BOOKMARK [2][-]{subsection.3.2}{\376\377\150\070\137\303\122\237\200\375\227\000\154\102}{section.3}% 12
\BOOKMARK [2][-]{subsection.3.3}{\376\377\122\237\200\375\117\030\121\110\176\247}{section.3}% 13
\BOOKMARK [2][-]{subsection.3.4}{\376\377\122\237\200\375\227\000\154\102\165\050\117\213\126\376\157\024\171\072}{section.3}% 14
\BOOKMARK [1][-]{section.4}{\376\377\227\136\122\237\200\375\227\000\154\102}{}% 15
\BOOKMARK [2][-]{subsection.4.1}{\376\377\140\047\200\375\227\000\154\102}{section.4}% 16
\BOOKMARK [2][-]{subsection.4.2}{\376\377\146\023\165\050\140\047\227\000\154\102}{section.4}% 17
\BOOKMARK [2][-]{subsection.4.3}{\376\377\123\357\176\364\142\244\140\047\227\000\154\102}{section.4}% 18
\BOOKMARK [1][-]{section.5}{\376\377\145\160\143\156\227\000\154\102}{}% 19
\BOOKMARK [2][-]{subsection.5.1}{\376\377\145\160\143\156\174\173\127\213\116\016\176\323\147\204}{section.5}% 20
\BOOKMARK [2][-]{subsection.5.2}{\376\377\145\160\143\156\133\130\120\250}{section.5}% 21
\BOOKMARK [2][-]{subsection.5.3}{\376\377\145\160\143\156\221\317\117\060\173\227}{section.5}% 22
\BOOKMARK [2][-]{subsection.5.4}{\376\377\145\160\143\156\133\211\121\150\116\016\131\007\116\375}{section.5}% 23
\BOOKMARK [1][-]{section.6}{\376\377\123\357\210\114\140\047\122\006\147\220}{}% 24
\BOOKMARK [2][-]{subsection.6.1}{\376\377\142\200\147\057\123\357\210\114\140\047}{section.6}% 25
\BOOKMARK [2][-]{subsection.6.2}{\376\377\213\276\131\007\123\357\210\114\140\047}{section.6}% 26
\BOOKMARK [2][-]{subsection.6.3}{\376\377\217\333\136\246\123\357\210\114\140\047}{section.6}% 27
